<?xml version="1.0" encoding="UTF-8" ?>
<testsuites>
  <testsuite errors="0" failures="0" hostname="InteliMed-02" id="0" name="PacienteControllerTests" package="intermediate" tests="1" time="0.631" timestamp="2011-04-25T19:21:43">
      <properties />

      <testcase classname="intermediate.PacienteControllerTests" name="testSomething" time="0.619" />

      <system-out><![CDATA[--Output from testSomething--
]]></system-out>

      <system-err><![CDATA[--Output from testSomething--
]]></system-err>

  </testsuite>
  <testsuite errors="0" failures="0" hostname="InteliMed-02" id="1" name="PacienteTests" package="intermediate" tests="1" time="0.0040" timestamp="2011-04-25T19:21:44">
      <properties />

      <testcase classname="intermediate.PacienteTests" name="testSomething" time="0.0020" />

      <system-out><![CDATA[--Output from testSomething--
]]></system-out>

      <system-err><![CDATA[--Output from testSomething--
]]></system-err>

  </testsuite>
</testsuites>
